<?xml version="1.0" encoding="UTF-8"?>
<testng-results ignored="0" total="2" passed="2" failed="0" skipped="0">
  <reporter-output>
  </reporter-output>
  <suite started-at="2022-07-24T14:17:55 IST" name="Suite" finished-at="2022-07-24T14:20:43 IST" duration-ms="167347">
    <groups>
    </groups>
    <test started-at="2022-07-24T14:17:55 IST" name="Test" finished-at="2022-07-24T14:20:43 IST" duration-ms="167347">
      <class name="Test.Testonimdb">
        <test-method is-config="true" signature="beforetest(java.lang.String)[pri:0, instance:Test.Testonimdb@1cbbffcd]" started-at="2022-07-24T14:17:56 IST" name="beforetest" finished-at="2022-07-24T14:18:19 IST" duration-ms="23201" status="PASS">
          <params>
            <param index="0">
              <value>
                <![CDATA[Chrome]]>
              </value>
            </param>
          </params>
          <reporter-output>
          </reporter-output>
        </test-method> <!-- beforetest -->
        <test-method is-config="true" signature="beforeclass()[pri:0, instance:Test.Testonimdb@1cbbffcd]" started-at="2022-07-24T14:18:58 IST" name="beforeclass" finished-at="2022-07-24T14:18:58 IST" duration-ms="57" status="PASS">
          <reporter-output>
          </reporter-output>
        </test-method> <!-- beforeclass -->
        <test-method is-config="true" signature="beforemethod()[pri:0, instance:Test.Testonimdb@1cbbffcd]" started-at="2022-07-24T14:18:58 IST" name="beforemethod" finished-at="2022-07-24T14:20:16 IST" duration-ms="78060" status="PASS">
          <reporter-output>
          </reporter-output>
        </test-method> <!-- beforemethod -->
        <test-method signature="verfiyreleasedatecounrty()[pri:0, instance:Test.Testonimdb@1cbbffcd]" started-at="2022-07-24T14:20:16 IST" name="verfiyreleasedatecounrty" finished-at="2022-07-24T14:20:40 IST" duration-ms="23666" status="PASS">
          <reporter-output>
          </reporter-output>
        </test-method> <!-- verfiyreleasedatecounrty -->
        <test-method is-config="true" signature="aftermethod()[pri:0, instance:Test.Testonimdb@1cbbffcd]" started-at="2022-07-24T14:20:40 IST" name="aftermethod" finished-at="2022-07-24T14:20:40 IST" duration-ms="0" status="PASS">
          <reporter-output>
          </reporter-output>
        </test-method> <!-- aftermethod -->
        <test-method is-config="true" signature="aftertest()[pri:0, instance:Test.Testonimdb@1cbbffcd]" started-at="2022-07-24T14:20:40 IST" name="aftertest" finished-at="2022-07-24T14:20:42 IST" duration-ms="1869" status="PASS">
          <reporter-output>
          </reporter-output>
        </test-method> <!-- aftertest -->
        <test-method is-config="true" signature="afterclass()[pri:0, instance:Test.Testonimdb@1cbbffcd]" started-at="2022-07-24T14:20:40 IST" name="afterclass" finished-at="2022-07-24T14:20:40 IST" duration-ms="0" status="PASS">
          <reporter-output>
          </reporter-output>
        </test-method> <!-- afterclass -->
      </class> <!-- Test.Testonimdb -->
      <class name="Test.Testonwikipedia">
        <test-method is-config="true" signature="beforetest(java.lang.String)[pri:0, instance:Test.Testonwikipedia@15c43bd9]" started-at="2022-07-24T14:18:19 IST" name="beforetest" finished-at="2022-07-24T14:18:31 IST" duration-ms="11902" status="PASS">
          <params>
            <param index="0">
              <value>
                <![CDATA[Chrome]]>
              </value>
            </param>
          </params>
          <reporter-output>
          </reporter-output>
        </test-method> <!-- beforetest -->
        <test-method is-config="true" signature="beforeclass()[pri:0, instance:Test.Testonwikipedia@15c43bd9]" started-at="2022-07-24T14:18:31 IST" name="beforeclass" finished-at="2022-07-24T14:18:31 IST" duration-ms="519" status="PASS">
          <reporter-output>
          </reporter-output>
        </test-method> <!-- beforeclass -->
        <test-method is-config="true" signature="beforemethod()[pri:0, instance:Test.Testonwikipedia@15c43bd9]" started-at="2022-07-24T14:18:32 IST" name="beforemethod" finished-at="2022-07-24T14:18:55 IST" duration-ms="23669" status="PASS">
          <reporter-output>
          </reporter-output>
        </test-method> <!-- beforemethod -->
        <test-method signature="verfiyreleasedatecounrty()[pri:0, instance:Test.Testonwikipedia@15c43bd9]" started-at="2022-07-24T14:18:55 IST" name="verfiyreleasedatecounrty" finished-at="2022-07-24T14:18:58 IST" duration-ms="2610" status="PASS">
          <reporter-output>
          </reporter-output>
        </test-method> <!-- verfiyreleasedatecounrty -->
        <test-method is-config="true" signature="aftermethod()[pri:0, instance:Test.Testonwikipedia@15c43bd9]" started-at="2022-07-24T14:18:58 IST" name="aftermethod" finished-at="2022-07-24T14:18:58 IST" duration-ms="3" status="PASS">
          <reporter-output>
          </reporter-output>
        </test-method> <!-- aftermethod -->
        <test-method is-config="true" signature="afterclass()[pri:0, instance:Test.Testonwikipedia@15c43bd9]" started-at="2022-07-24T14:18:58 IST" name="afterclass" finished-at="2022-07-24T14:18:58 IST" duration-ms="2" status="PASS">
          <reporter-output>
          </reporter-output>
        </test-method> <!-- afterclass -->
        <test-method is-config="true" signature="aftertest()[pri:0, instance:Test.Testonwikipedia@15c43bd9]" started-at="2022-07-24T14:20:42 IST" name="aftertest" finished-at="2022-07-24T14:20:43 IST" duration-ms="1188" status="PASS">
          <reporter-output>
          </reporter-output>
        </test-method> <!-- aftertest -->
      </class> <!-- Test.Testonwikipedia -->
    </test> <!-- Test -->
  </suite> <!-- Suite -->
</testng-results>
